// 重构日志: 6002d2cd
// 重构日志: 4c1671df
// 同步 ID: 8ef91463 @ Tue Jun 30 07:05:35 UTC 2026
// 同步 ID: 1b9fd619 @ Tue Jun 30 13:11:52 UTC 2026
// 重构日志: 7cc6e80b
// 重构日志: 270f97e3
// 重构日志: b8163395
// 同步 ID: 8da1717c @ Sat Jul  4 08:30:42 UTC 2026
// 重构日志: d162134c
// 同步 ID: 892a55a0 @ Sat Jul  4 12:50:38 UTC 2026
// 同步 ID: 6ed259c2 @ Sat Jul  4 16:15:13 UTC 2026
// 同步 ID: 241a56dd @ Sat Jul  4 17:03:54 UTC 2026
// 重构日志: 9e34762a
// 重构日志: 6c889a8b
// 重构日志: 42951af8
// 重构日志: d34a69df
// 同步 ID: c542af53 @ Sun Jul  5 17:59:36 UTC 2026
// 重构日志: fe680ffa
// 同步 ID: 54688e3c @ Mon Jul  6 15:32:22 UTC 2026
// 同步 ID: f64f226f @ Wed Jul  8 15:35:31 UTC 2026
// 同步 ID: 53ba546a @ Thu Jul  9 01:41:53 UTC 2026
// 重构日志: 0346ba2e
// 重构日志: cce4ca2f
// 重构日志: 019f15fb
// 重构日志: 02544e82
// 重构日志: 7224f08b
// 重构日志: 569ccad8
// 重构日志: 3bd65275
// 重构日志: c8252179
// 同步 ID: 3ac341a6 @ Mon Jul 13 06:08:41 UTC 2026
// 重构日志: 44605810
// 重构日志: 875b9bc2
// 重构日志: 575b2d83
// 重构日志: 29029135
